<?xml version="1.0" encoding="UTF-8"?>
<testsuite name="org.seginf.PaddingOracleTest" tests="3" skipped="0" failures="0" errors="0" timestamp="2025-06-13T17:29:34" hostname="codespaces-6fc242" time="0.03">
  <properties/>
  <testcase name="attack should work for a different known ciphertext (x2) and a non-zero x1()" classname="org.seginf.PaddingOracleTest" time="0.021"/>
  <testcase name="attack should correctly decrypt x2A to expected m2()" classname="org.seginf.PaddingOracleTest" time="0.001"/>
  <testcase name="attack should work for a block with all zero content and padding 8()" classname="org.seginf.PaddingOracleTest" time="0.004"/>
  <system-out><![CDATA[]]></system-out>
  <system-err><![CDATA[]]></system-err>
</testsuite>
